août 03, 2015 12:17:27 PM org.eclipse.birt.chart.device.swt.SwtDisplayServer <init>
INFOS: SWT Display Server: win32 v4 430
août 03, 2015 12:17:28 PM org.eclipse.birt.chart.device.swt.R31Enhance <clinit>
INFOS: Advanced SWT graphics functions enabled.
août 03, 2015 12:17:28 PM org.eclipse.birt.chart.device.swt.SwtRendererImpl setProperty
INFOS: Using graphics context org.eclipse.swt.graphics.GC@GC {-1392437651}
août 03, 2015 12:17:28 PM org.eclipse.birt.chart.script.AbstractScriptHandler register
INFOS: Trying to load Chart Java event handler class...
août 03, 2015 12:17:28 PM org.eclipse.birt.chart.script.AbstractScriptHandler register
INFOS: A Chart Java event handler class [class org.eclipse.mat.impl.chart.StorageUnitRenderScript] has been loaded successfully.
août 03, 2015 12:17:29 PM org.eclipse.birt.chart.render.EmptyWithoutAxes renderSeries
INFOS: org.eclipse.birt.chart.render.EmptyWithoutAxes: renderSeries() [1/2]
août 03, 2015 12:17:29 PM org.eclipse.birt.chart.extension.render.Pie renderSeries
INFOS: {0}: renderSeries() [{1}/{2}]org.eclipse.birt.chart.extension.render.Pie22
août 03, 2015 12:17:34 PM org.eclipse.birt.chart.device.swing.SwingDisplayServer <init>
INFOS: SWING Display Server: Oracle Corporation v1.8.0_40
août 03, 2015 12:17:34 PM org.eclipse.birt.chart.script.AbstractScriptHandler register
INFOS: Trying to load Chart Java event handler class...
août 03, 2015 12:17:34 PM org.eclipse.birt.chart.script.AbstractScriptHandler register
INFOS: A Chart Java event handler class [class org.eclipse.mat.impl.chart.LabelRenderScript] has been loaded successfully.
août 03, 2015 12:17:35 PM org.eclipse.birt.chart.device.swing.SwingRendererImpl prepareGraphicsContext
INFOS: Using graphics context sun.java2d.SunGraphics2D[font=java.awt.Font[family=Dialog,name=Dialog,style=plain,size=12],color=java.awt.Color[r=255,g=255,b=255]]
août 03, 2015 12:17:35 PM org.eclipse.birt.chart.render.EmptyWithoutAxes renderSeries
INFOS: org.eclipse.birt.chart.render.EmptyWithoutAxes: renderSeries() [1/2]
août 03, 2015 12:17:35 PM org.eclipse.birt.chart.extension.render.Pie renderSeries
INFOS: {0}: renderSeries() [{1}/{2}]org.eclipse.birt.chart.extension.render.Pie22
août 03, 2015 12:17:35 PM org.eclipse.birt.chart.device.image.JavaxImageIOWriter after
INFOS: Using {0} image writer {1}pngcom.sun.imageio.plugins.png.PNGImageWriter
août 03, 2015 12:17:35 PM org.eclipse.birt.chart.device.swing.SwingDisplayServer <init>
INFOS: SWING Display Server: Oracle Corporation v1.8.0_40
août 03, 2015 12:17:35 PM org.eclipse.birt.chart.script.AbstractScriptHandler register
INFOS: Trying to load Chart Java event handler class...
août 03, 2015 12:17:35 PM org.eclipse.birt.chart.script.AbstractScriptHandler register
INFOS: A Chart Java event handler class [class org.eclipse.mat.impl.chart.LabelRenderScript] has been loaded successfully.
août 03, 2015 12:17:36 PM org.eclipse.birt.chart.device.swing.SwingRendererImpl prepareGraphicsContext
INFOS: Using graphics context sun.java2d.SunGraphics2D[font=java.awt.Font[family=Dialog,name=Dialog,style=plain,size=12],color=java.awt.Color[r=255,g=255,b=255]]
août 03, 2015 12:17:36 PM org.eclipse.birt.chart.render.EmptyWithoutAxes renderSeries
INFOS: org.eclipse.birt.chart.render.EmptyWithoutAxes: renderSeries() [1/2]
août 03, 2015 12:17:36 PM org.eclipse.birt.chart.extension.render.Pie renderSeries
INFOS: {0}: renderSeries() [{1}/{2}]org.eclipse.birt.chart.extension.render.Pie22
août 03, 2015 12:17:36 PM org.eclipse.birt.chart.device.image.JavaxImageIOWriter after
INFOS: Using {0} image writer {1}pngcom.sun.imageio.plugins.png.PNGImageWriter
août 03, 2015 12:17:36 PM org.eclipse.birt.chart.device.swing.SwingDisplayServer <init>
INFOS: SWING Display Server: Oracle Corporation v1.8.0_40
août 03, 2015 12:17:36 PM org.eclipse.birt.chart.script.AbstractScriptHandler register
INFOS: Trying to load Chart Java event handler class...
août 03, 2015 12:17:36 PM org.eclipse.birt.chart.script.AbstractScriptHandler register
INFOS: A Chart Java event handler class [class org.eclipse.mat.impl.chart.LabelRenderScript] has been loaded successfully.
août 03, 2015 12:17:36 PM org.eclipse.birt.chart.device.swing.SwingRendererImpl prepareGraphicsContext
INFOS: Using graphics context sun.java2d.SunGraphics2D[font=java.awt.Font[family=Dialog,name=Dialog,style=plain,size=12],color=java.awt.Color[r=255,g=255,b=255]]
août 03, 2015 12:17:36 PM org.eclipse.birt.chart.render.EmptyWithoutAxes renderSeries
INFOS: org.eclipse.birt.chart.render.EmptyWithoutAxes: renderSeries() [1/2]
août 03, 2015 12:17:36 PM org.eclipse.birt.chart.extension.render.Pie renderSeries
INFOS: {0}: renderSeries() [{1}/{2}]org.eclipse.birt.chart.extension.render.Pie22
août 03, 2015 12:17:36 PM org.eclipse.birt.chart.device.image.JavaxImageIOWriter after
INFOS: Using {0} image writer {1}pngcom.sun.imageio.plugins.png.PNGImageWriter
août 03, 2015 12:17:37 PM org.eclipse.birt.chart.device.swing.SwingDisplayServer <init>
INFOS: SWING Display Server: Oracle Corporation v1.8.0_40
août 03, 2015 12:17:37 PM org.eclipse.birt.chart.script.AbstractScriptHandler register
INFOS: Trying to load Chart Java event handler class...
août 03, 2015 12:17:37 PM org.eclipse.birt.chart.script.AbstractScriptHandler register
INFOS: A Chart Java event handler class [class org.eclipse.mat.impl.chart.LabelRenderScript] has been loaded successfully.
août 03, 2015 12:17:37 PM org.eclipse.birt.chart.device.swing.SwingRendererImpl prepareGraphicsContext
INFOS: Using graphics context sun.java2d.SunGraphics2D[font=java.awt.Font[family=Dialog,name=Dialog,style=plain,size=12],color=java.awt.Color[r=255,g=255,b=255]]
août 03, 2015 12:17:37 PM org.eclipse.birt.chart.render.EmptyWithoutAxes renderSeries
INFOS: org.eclipse.birt.chart.render.EmptyWithoutAxes: renderSeries() [1/2]
août 03, 2015 12:17:37 PM org.eclipse.birt.chart.extension.render.Pie renderSeries
INFOS: {0}: renderSeries() [{1}/{2}]org.eclipse.birt.chart.extension.render.Pie22
août 03, 2015 12:17:37 PM org.eclipse.birt.chart.device.image.JavaxImageIOWriter after
INFOS: Using {0} image writer {1}pngcom.sun.imageio.plugins.png.PNGImageWriter
août 03, 2015 12:44:23 PM org.eclipse.birt.chart.device.swt.SwtDisplayServer <init>
INFOS: SWT Display Server: win32 v4 430
août 03, 2015 12:44:23 PM org.eclipse.birt.chart.device.swt.SwtRendererImpl setProperty
INFOS: Using graphics context org.eclipse.swt.graphics.GC@GC {-1677652091}
août 03, 2015 12:44:23 PM org.eclipse.birt.chart.script.AbstractScriptHandler register
INFOS: Trying to load Chart Java event handler class...
août 03, 2015 12:44:23 PM org.eclipse.birt.chart.script.AbstractScriptHandler register
INFOS: A Chart Java event handler class [class org.eclipse.mat.impl.chart.StorageUnitRenderScript] has been loaded successfully.
août 03, 2015 12:44:23 PM org.eclipse.birt.chart.render.EmptyWithoutAxes renderSeries
INFOS: org.eclipse.birt.chart.render.EmptyWithoutAxes: renderSeries() [1/2]
août 03, 2015 12:44:23 PM org.eclipse.birt.chart.extension.render.Pie renderSeries
INFOS: {0}: renderSeries() [{1}/{2}]org.eclipse.birt.chart.extension.render.Pie22
août 03, 2015 12:44:50 PM org.eclipse.birt.chart.device.swing.SwingDisplayServer <init>
INFOS: SWING Display Server: Oracle Corporation v1.8.0_40
août 03, 2015 12:44:50 PM org.eclipse.birt.chart.script.AbstractScriptHandler register
INFOS: Trying to load Chart Java event handler class...
août 03, 2015 12:44:50 PM org.eclipse.birt.chart.script.AbstractScriptHandler register
INFOS: A Chart Java event handler class [class org.eclipse.mat.impl.chart.LabelRenderScript] has been loaded successfully.
août 03, 2015 12:44:51 PM org.eclipse.birt.chart.device.swing.SwingRendererImpl prepareGraphicsContext
INFOS: Using graphics context sun.java2d.SunGraphics2D[font=java.awt.Font[family=Dialog,name=Dialog,style=plain,size=12],color=java.awt.Color[r=255,g=255,b=255]]
août 03, 2015 12:44:51 PM org.eclipse.birt.chart.render.EmptyWithoutAxes renderSeries
INFOS: org.eclipse.birt.chart.render.EmptyWithoutAxes: renderSeries() [1/2]
août 03, 2015 12:44:51 PM org.eclipse.birt.chart.extension.render.Pie renderSeries
INFOS: {0}: renderSeries() [{1}/{2}]org.eclipse.birt.chart.extension.render.Pie22
août 03, 2015 12:44:51 PM org.eclipse.birt.chart.device.image.JavaxImageIOWriter after
INFOS: Using {0} image writer {1}pngcom.sun.imageio.plugins.png.PNGImageWriter
août 03, 2015 12:44:51 PM org.eclipse.birt.chart.device.swing.SwingDisplayServer <init>
INFOS: SWING Display Server: Oracle Corporation v1.8.0_40
août 03, 2015 12:44:51 PM org.eclipse.birt.chart.script.AbstractScriptHandler register
INFOS: Trying to load Chart Java event handler class...
août 03, 2015 12:44:51 PM org.eclipse.birt.chart.script.AbstractScriptHandler register
INFOS: A Chart Java event handler class [class org.eclipse.mat.impl.chart.LabelRenderScript] has been loaded successfully.
août 03, 2015 12:44:51 PM org.eclipse.birt.chart.device.swing.SwingRendererImpl prepareGraphicsContext
INFOS: Using graphics context sun.java2d.SunGraphics2D[font=java.awt.Font[family=Dialog,name=Dialog,style=plain,size=12],color=java.awt.Color[r=255,g=255,b=255]]
août 03, 2015 12:44:51 PM org.eclipse.birt.chart.render.EmptyWithoutAxes renderSeries
INFOS: org.eclipse.birt.chart.render.EmptyWithoutAxes: renderSeries() [1/2]
août 03, 2015 12:44:51 PM org.eclipse.birt.chart.extension.render.Pie renderSeries
INFOS: {0}: renderSeries() [{1}/{2}]org.eclipse.birt.chart.extension.render.Pie22
août 03, 2015 12:44:51 PM org.eclipse.birt.chart.device.image.JavaxImageIOWriter after
INFOS: Using {0} image writer {1}pngcom.sun.imageio.plugins.png.PNGImageWriter
août 03, 2015 12:44:51 PM org.eclipse.birt.chart.device.swing.SwingDisplayServer <init>
INFOS: SWING Display Server: Oracle Corporation v1.8.0_40
août 03, 2015 12:44:51 PM org.eclipse.birt.chart.script.AbstractScriptHandler register
INFOS: Trying to load Chart Java event handler class...
août 03, 2015 12:44:51 PM org.eclipse.birt.chart.script.AbstractScriptHandler register
INFOS: A Chart Java event handler class [class org.eclipse.mat.impl.chart.LabelRenderScript] has been loaded successfully.
août 03, 2015 12:44:51 PM org.eclipse.birt.chart.device.swing.SwingRendererImpl prepareGraphicsContext
INFOS: Using graphics context sun.java2d.SunGraphics2D[font=java.awt.Font[family=Dialog,name=Dialog,style=plain,size=12],color=java.awt.Color[r=255,g=255,b=255]]
août 03, 2015 12:44:51 PM org.eclipse.birt.chart.render.EmptyWithoutAxes renderSeries
INFOS: org.eclipse.birt.chart.render.EmptyWithoutAxes: renderSeries() [1/2]
août 03, 2015 12:44:51 PM org.eclipse.birt.chart.extension.render.Pie renderSeries
INFOS: {0}: renderSeries() [{1}/{2}]org.eclipse.birt.chart.extension.render.Pie22
août 03, 2015 12:44:51 PM org.eclipse.birt.chart.device.image.JavaxImageIOWriter after
INFOS: Using {0} image writer {1}pngcom.sun.imageio.plugins.png.PNGImageWriter
août 03, 2015 12:44:52 PM org.eclipse.birt.chart.device.swing.SwingDisplayServer <init>
INFOS: SWING Display Server: Oracle Corporation v1.8.0_40
août 03, 2015 12:44:52 PM org.eclipse.birt.chart.script.AbstractScriptHandler register
INFOS: Trying to load Chart Java event handler class...
août 03, 2015 12:44:52 PM org.eclipse.birt.chart.script.AbstractScriptHandler register
INFOS: A Chart Java event handler class [class org.eclipse.mat.impl.chart.LabelRenderScript] has been loaded successfully.
août 03, 2015 12:44:52 PM org.eclipse.birt.chart.device.swing.SwingRendererImpl prepareGraphicsContext
INFOS: Using graphics context sun.java2d.SunGraphics2D[font=java.awt.Font[family=Dialog,name=Dialog,style=plain,size=12],color=java.awt.Color[r=255,g=255,b=255]]
août 03, 2015 12:44:52 PM org.eclipse.birt.chart.render.EmptyWithoutAxes renderSeries
INFOS: org.eclipse.birt.chart.render.EmptyWithoutAxes: renderSeries() [1/2]
août 03, 2015 12:44:52 PM org.eclipse.birt.chart.extension.render.Pie renderSeries
INFOS: {0}: renderSeries() [{1}/{2}]org.eclipse.birt.chart.extension.render.Pie22
août 03, 2015 12:44:52 PM org.eclipse.birt.chart.device.image.JavaxImageIOWriter after
INFOS: Using {0} image writer {1}pngcom.sun.imageio.plugins.png.PNGImageWriter
août 03, 2015 12:57:49 PM org.eclipse.birt.chart.device.swt.SwtDisplayServer <init>
INFOS: SWT Display Server: win32 v4 430
août 03, 2015 12:57:49 PM org.eclipse.birt.chart.device.swt.SwtRendererImpl setProperty
INFOS: Using graphics context org.eclipse.swt.graphics.GC@GC {-1476325737}
août 03, 2015 12:57:49 PM org.eclipse.birt.chart.script.AbstractScriptHandler register
INFOS: Trying to load Chart Java event handler class...
août 03, 2015 12:57:49 PM org.eclipse.birt.chart.script.AbstractScriptHandler register
INFOS: A Chart Java event handler class [class org.eclipse.mat.impl.chart.StorageUnitRenderScript] has been loaded successfully.
août 03, 2015 12:57:49 PM org.eclipse.birt.chart.render.EmptyWithoutAxes renderSeries
INFOS: org.eclipse.birt.chart.render.EmptyWithoutAxes: renderSeries() [1/2]
août 03, 2015 12:57:49 PM org.eclipse.birt.chart.extension.render.Pie renderSeries
INFOS: {0}: renderSeries() [{1}/{2}]org.eclipse.birt.chart.extension.render.Pie22
août 03, 2015 12:57:50 PM org.eclipse.birt.chart.device.swing.SwingDisplayServer <init>
INFOS: SWING Display Server: Oracle Corporation v1.8.0_40
août 03, 2015 12:57:50 PM org.eclipse.birt.chart.script.AbstractScriptHandler register
INFOS: Trying to load Chart Java event handler class...
août 03, 2015 12:57:50 PM org.eclipse.birt.chart.script.AbstractScriptHandler register
INFOS: A Chart Java event handler class [class org.eclipse.mat.impl.chart.LabelRenderScript] has been loaded successfully.
août 03, 2015 12:57:50 PM org.eclipse.birt.chart.device.swing.SwingRendererImpl prepareGraphicsContext
INFOS: Using graphics context sun.java2d.SunGraphics2D[font=java.awt.Font[family=Dialog,name=Dialog,style=plain,size=12],color=java.awt.Color[r=255,g=255,b=255]]
août 03, 2015 12:57:50 PM org.eclipse.birt.chart.render.EmptyWithoutAxes renderSeries
INFOS: org.eclipse.birt.chart.render.EmptyWithoutAxes: renderSeries() [1/2]
août 03, 2015 12:57:50 PM org.eclipse.birt.chart.extension.render.Pie renderSeries
INFOS: {0}: renderSeries() [{1}/{2}]org.eclipse.birt.chart.extension.render.Pie22
août 03, 2015 12:57:51 PM org.eclipse.birt.chart.device.image.JavaxImageIOWriter after
INFOS: Using {0} image writer {1}pngcom.sun.imageio.plugins.png.PNGImageWriter
août 03, 2015 12:57:51 PM org.eclipse.birt.chart.device.swing.SwingDisplayServer <init>
INFOS: SWING Display Server: Oracle Corporation v1.8.0_40
août 03, 2015 12:57:51 PM org.eclipse.birt.chart.script.AbstractScriptHandler register
INFOS: Trying to load Chart Java event handler class...
août 03, 2015 12:57:51 PM org.eclipse.birt.chart.script.AbstractScriptHandler register
INFOS: A Chart Java event handler class [class org.eclipse.mat.impl.chart.LabelRenderScript] has been loaded successfully.
août 03, 2015 12:57:51 PM org.eclipse.birt.chart.device.swing.SwingRendererImpl prepareGraphicsContext
INFOS: Using graphics context sun.java2d.SunGraphics2D[font=java.awt.Font[family=Dialog,name=Dialog,style=plain,size=12],color=java.awt.Color[r=255,g=255,b=255]]
août 03, 2015 12:57:51 PM org.eclipse.birt.chart.render.EmptyWithoutAxes renderSeries
INFOS: org.eclipse.birt.chart.render.EmptyWithoutAxes: renderSeries() [1/2]
août 03, 2015 12:57:51 PM org.eclipse.birt.chart.extension.render.Pie renderSeries
INFOS: {0}: renderSeries() [{1}/{2}]org.eclipse.birt.chart.extension.render.Pie22
août 03, 2015 12:57:51 PM org.eclipse.birt.chart.device.image.JavaxImageIOWriter after
INFOS: Using {0} image writer {1}pngcom.sun.imageio.plugins.png.PNGImageWriter
août 03, 2015 12:57:51 PM org.eclipse.birt.chart.device.swing.SwingDisplayServer <init>
INFOS: SWING Display Server: Oracle Corporation v1.8.0_40
août 03, 2015 12:57:51 PM org.eclipse.birt.chart.script.AbstractScriptHandler register
INFOS: Trying to load Chart Java event handler class...
août 03, 2015 12:57:51 PM org.eclipse.birt.chart.script.AbstractScriptHandler register
INFOS: A Chart Java event handler class [class org.eclipse.mat.impl.chart.LabelRenderScript] has been loaded successfully.
août 03, 2015 12:57:51 PM org.eclipse.birt.chart.device.swing.SwingRendererImpl prepareGraphicsContext
INFOS: Using graphics context sun.java2d.SunGraphics2D[font=java.awt.Font[family=Dialog,name=Dialog,style=plain,size=12],color=java.awt.Color[r=255,g=255,b=255]]
août 03, 2015 12:57:51 PM org.eclipse.birt.chart.render.EmptyWithoutAxes renderSeries
INFOS: org.eclipse.birt.chart.render.EmptyWithoutAxes: renderSeries() [1/2]
août 03, 2015 12:57:51 PM org.eclipse.birt.chart.extension.render.Pie renderSeries
INFOS: {0}: renderSeries() [{1}/{2}]org.eclipse.birt.chart.extension.render.Pie22
août 03, 2015 12:57:51 PM org.eclipse.birt.chart.device.image.JavaxImageIOWriter after
INFOS: Using {0} image writer {1}pngcom.sun.imageio.plugins.png.PNGImageWriter
août 03, 2015 12:57:51 PM org.eclipse.birt.chart.device.swing.SwingDisplayServer <init>
INFOS: SWING Display Server: Oracle Corporation v1.8.0_40
août 03, 2015 12:57:51 PM org.eclipse.birt.chart.script.AbstractScriptHandler register
INFOS: Trying to load Chart Java event handler class...
août 03, 2015 12:57:51 PM org.eclipse.birt.chart.script.AbstractScriptHandler register
INFOS: A Chart Java event handler class [class org.eclipse.mat.impl.chart.LabelRenderScript] has been loaded successfully.
août 03, 2015 12:57:51 PM org.eclipse.birt.chart.device.swing.SwingRendererImpl prepareGraphicsContext
INFOS: Using graphics context sun.java2d.SunGraphics2D[font=java.awt.Font[family=Dialog,name=Dialog,style=plain,size=12],color=java.awt.Color[r=255,g=255,b=255]]
août 03, 2015 12:57:51 PM org.eclipse.birt.chart.render.EmptyWithoutAxes renderSeries
INFOS: org.eclipse.birt.chart.render.EmptyWithoutAxes: renderSeries() [1/2]
août 03, 2015 12:57:51 PM org.eclipse.birt.chart.extension.render.Pie renderSeries
INFOS: {0}: renderSeries() [{1}/{2}]org.eclipse.birt.chart.extension.render.Pie22
août 03, 2015 12:57:51 PM org.eclipse.birt.chart.device.image.JavaxImageIOWriter after
INFOS: Using {0} image writer {1}pngcom.sun.imageio.plugins.png.PNGImageWriter
